TN:
SF:/Users/elizabethkelen/Projects/red-tetris/src/client/actions/actionTypes.js
FNF:0
FNH:0
LF:0
LH:0
BRF:0
BRH:0
end_of_record
TN:
SF:/Users/elizabethkelen/Projects/red-tetris/src/client/actions/alert.js
FN:3,alert
FNF:1
FNH:0
FNDA:0,alert
LF:0
LH:0
BRF:0
BRH:0
end_of_record
TN:
SF:/Users/elizabethkelen/Projects/red-tetris/src/client/actions/gameActions.js
FN:6,showUserMessage
FN:13,(anonymous_3)
FNF:2
FNH:0
FNDA:0,showUserMessage
FNDA:0,(anonymous_3)
DA:16,0
DA:20,0
LF:2
LH:0
BRDA:14,1,0,0
BRDA:14,1,1,0
BRDA:16,2,0,0
BRDA:16,2,1,0
BRDA:20,3,0,0
BRDA:20,3,1,0
BRF:6
BRH:0
end_of_record
TN:
SF:/Users/elizabethkelen/Projects/red-tetris/src/client/actions/server.js
FN:3,ping
FN:9,onPlayerEnterRoom
FN:16,(anonymous_4)
FNF:3
FNH:0
FNDA:0,ping
FNDA:0,onPlayerEnterRoom
FNDA:0,(anonymous_4)
LF:0
LH:0
BRF:0
BRH:0
end_of_record
TN:
SF:/Users/elizabethkelen/Projects/red-tetris/src/client/appRouter.js
FNF:0
FNH:0
LF:0
LH:0
BRF:0
BRH:0
end_of_record
TN:
SF:/Users/elizabethkelen/Projects/red-tetris/src/client/components/BoardMeta.js
FN:4,BoardMeta
FNF:1
FNH:0
FNDA:0,BoardMeta
LF:0
LH:0
BRDA:7,1,0,0
BRDA:7,1,1,0
BRDA:9,2,0,0
BRDA:9,2,1,0
BRDA:11,3,0,0
BRDA:11,3,1,0
BRDA:11,4,0,0
BRDA:11,4,1,0
BRF:8
BRH:0
end_of_record
TN:
SF:/Users/elizabethkelen/Projects/red-tetris/src/client/components/Spectre.js
FNF:0
FNH:0
LF:0
LH:0
BRF:0
BRH:0
end_of_record
TN:
SF:/Users/elizabethkelen/Projects/red-tetris/src/client/containers/App.js
FN:7,App
FN:23,mapStateToProps
FN:32,mapDispatchToProps
FNF:3
FNH:0
FNDA:0,App
FNDA:0,mapStateToProps
FNDA:0,mapDispatchToProps
LF:0
LH:0
BRDA:15,1,0,0
BRDA:15,1,1,0
BRDA:16,2,0,0
BRDA:16,2,1,0
BRDA:18,3,0,0
BRDA:18,3,1,0
BRF:6
BRH:0
end_of_record
TN:
SF:/Users/elizabethkelen/Projects/red-tetris/src/client/containers/Board.js
FN:18,mapStateToProps
FNF:1
FNH:0
FNDA:0,mapStateToProps
LF:0
LH:0
BRF:0
BRH:0
end_of_record
TN:
SF:/Users/elizabethkelen/Projects/red-tetris/src/client/containers/GameRoom.js
FN:10,GameRoom
FN:61,mapStateToProps
FNF:2
FNH:0
FNDA:0,GameRoom
FNDA:0,mapStateToProps
LF:0
LH:0
BRDA:33,1,0,0
BRDA:33,1,1,0
BRF:2
BRH:0
end_of_record
TN:
SF:/Users/elizabethkelen/Projects/red-tetris/src/client/index.js
FNF:0
FNH:0
LF:0
LH:0
BRF:0
BRH:0
end_of_record
TN:
SF:/Users/elizabethkelen/Projects/red-tetris/src/client/middleware/errorHandlerMiddleware.js
FN:4,(anonymous_3)
FNF:1
FNH:0
FNDA:0,(anonymous_3)
DA:5,0
LF:1
LH:0
BRDA:5,1,0,0
BRDA:5,1,1,0
BRDA:5,2,0,0
BRDA:5,2,1,0
BRF:4
BRH:0
end_of_record
TN:
SF:/Users/elizabethkelen/Projects/red-tetris/src/client/middleware/socketIoMiddleware.js
FN:4,(anonymous_2)
FN:9,(anonymous_4)
FNF:2
FNH:0
FNDA:0,(anonymous_2)
FNDA:0,(anonymous_4)
DA:6,0
DA:10,0
DA:12,0
DA:15,0
LF:4
LH:0
BRDA:6,1,0,0
BRDA:6,1,1,0
BRDA:10,2,0,0
BRDA:10,2,1,0
BRDA:10,3,0,0
BRDA:10,3,1,0
BRDA:12,4,0,0
BRDA:12,4,1,0
BRDA:12,5,0,0
BRDA:12,5,1,0
BRDA:12,5,2,0
BRDA:15,6,0,0
BRDA:15,6,1,0
BRDA:15,7,0,0
BRDA:15,7,1,0
BRF:15
BRH:0
end_of_record
TN:
SF:/Users/elizabethkelen/Projects/red-tetris/src/client/middleware/storeStateMiddleWare.js
FN:1,(anonymous_3)
FNF:1
FNH:0
FNDA:0,(anonymous_3)
LF:0
LH:0
BRF:0
BRH:0
end_of_record
TN:
SF:/Users/elizabethkelen/Projects/red-tetris/src/client/reducers/alert.js
FN:3,reducer
FNF:1
FNH:1
FNDA:2,reducer
LF:0
LH:0
BRDA:3,1,0,0
BRDA:3,1,1,2
BRDA:3,2,0,2
BRDA:3,2,1,2
BRDA:5,3,0,0
BRDA:5,3,1,2
BRF:6
BRH:4
end_of_record
TN:
SF:/Users/elizabethkelen/Projects/red-tetris/src/client/reducers/boardReducer.js
FN:9,boardReducer
FNF:1
FNH:1
FNDA:2,boardReducer
LF:0
LH:0
BRDA:9,1,0,0
BRDA:9,1,1,2
BRDA:9,2,0,2
BRDA:9,2,1,2
BRDA:11,3,0,2
BRF:5
BRH:4
end_of_record
TN:
SF:/Users/elizabethkelen/Projects/red-tetris/src/client/reducers/gameReducer.js
FN:18,gameReducer
FNF:1
FNH:1
FNDA:2,gameReducer
LF:0
LH:0
BRDA:18,1,0,0
BRDA:18,1,1,2
BRDA:18,2,0,2
BRDA:18,2,1,2
BRDA:22,3,0,0
BRDA:22,3,1,0
BRDA:22,3,2,2
BRDA:26,4,0,0
BRDA:26,4,1,0
BRF:9
BRH:4
end_of_record
TN:
SF:/Users/elizabethkelen/Projects/red-tetris/src/client/reducers/index.js
FNF:0
FNH:0
LF:0
LH:0
BRF:0
BRH:0
end_of_record
TN:
SF:/Users/elizabethkelen/Projects/red-tetris/src/client/reducers/metaReducer.js
FN:15,metaReducer
FNF:1
FNH:1
FNDA:2,metaReducer
DA:20,0
DA:24,0
LF:2
LH:0
BRDA:15,1,0,0
BRDA:15,1,1,2
BRDA:15,2,0,2
BRDA:15,2,1,2
BRDA:17,3,0,0
BRDA:17,3,1,0
BRDA:17,3,2,0
BRDA:17,3,3,0
BRDA:17,3,4,2
BRF:9
BRH:4
end_of_record
TN:
SF:/Users/elizabethkelen/Projects/red-tetris/src/client/reducers/playerReducer.js
FN:15,playerReducer
FNF:1
FNH:1
FNDA:8,playerReducer
LF:0
LH:0
BRDA:15,1,0,6
BRDA:15,1,1,2
BRDA:15,2,0,8
BRDA:15,2,1,8
BRDA:17,3,0,2
BRDA:17,3,1,2
BRDA:17,3,2,4
BRDA:20,4,0,1
BRDA:20,4,1,1
BRF:9
BRH:9
end_of_record
TN:
SF:/Users/elizabethkelen/Projects/red-tetris/src/client/reducers/routerReducer.js
FNF:0
FNH:0
LF:0
LH:0
BRF:0
BRH:0
end_of_record
TN:
SF:/Users/elizabethkelen/Projects/red-tetris/src/common/errors.js
FNF:0
FNH:0
LF:0
LH:0
BRF:0
BRH:0
end_of_record
TN:
SF:/Users/elizabethkelen/Projects/red-tetris/src/common/game.js
FNF:0
FNH:0
LF:0
LH:0
BRF:0
BRH:0
end_of_record
TN:
SF:/Users/elizabethkelen/Projects/red-tetris/src/common/inputValidation.js
FN:3,isValidName
FN:8,checkValidHashURL
FN:19,testOptions
FNF:3
FNH:2
FNDA:8,isValidName
FNDA:7,checkValidHashURL
FNDA:0,testOptions
DA:10,7
DA:14,6
DA:15,4
DA:19,2
DA:20,0
LF:5
LH:4
BRDA:10,1,0,1
BRDA:10,1,1,6
BRDA:14,2,0,2
BRDA:14,2,1,4
BRDA:14,3,0,6
BRDA:14,3,1,5
BRDA:15,4,0,2
BRDA:15,4,1,2
BRDA:15,5,0,4
BRDA:15,5,1,3
BRDA:20,6,0,0
BRDA:20,6,1,0
BRF:12
BRH:10
end_of_record
TN:
SF:/Users/elizabethkelen/Projects/red-tetris/src/common/messages.js
FNF:0
FNH:0
LF:0
LH:0
BRF:0
BRH:0
end_of_record
TN:
SF:/Users/elizabethkelen/Projects/red-tetris/src/server/controllers/gamesController.js
FN:18,(anonymous_8)
FN:27,(anonymous_10)
FN:33,(anonymous_12)
FN:41,create
FN:53,join
FN:65,removeFromPreviousGame
FN:72,(anonymous_17)
FNF:7
FNH:4
FNDA:3,(anonymous_8)
FNDA:0,(anonymous_10)
FNDA:0,(anonymous_12)
FNDA:2,create
FNDA:1,join
FNDA:0,removeFromPreviousGame
FNDA:4,(anonymous_17)
DA:20,3
DA:22,3
DA:29,0
DA:37,0
DA:44,2
DA:54,1
DA:55,1
DA:58,1
DA:74,4
DA:77,3
LF:10
LH:8
BRDA:20,1,0,0
BRDA:20,1,1,3
BRDA:22,2,0,2
BRDA:22,2,1,1
BRDA:29,3,0,0
BRDA:29,3,1,0
BRDA:44,4,0,0
BRDA:44,4,1,2
BRDA:54,5,0,0
BRDA:54,5,1,1
BRDA:55,6,0,0
BRDA:55,6,1,1
BRDA:58,7,0,0
BRDA:58,7,1,1
BRDA:74,8,0,1
BRDA:74,8,1,3
BRDA:77,9,0,1
BRDA:77,9,1,2
BRF:18
BRH:11
end_of_record
TN:
SF:/Users/elizabethkelen/Projects/red-tetris/src/server/controllers/pieceController.js
FN:6,drawPiece
FN:18,generatePieceList
FNF:2
FNH:0
FNDA:0,drawPiece
FNDA:0,generatePieceList
LF:0
LH:0
BRDA:10,1,0,0
BRDA:10,1,1,0
BRDA:10,2,0,0
BRDA:10,2,1,0
BRF:4
BRH:0
end_of_record
TN:
SF:/Users/elizabethkelen/Projects/red-tetris/src/server/events.js
FN:13,initEngine
FN:14,(anonymous_4)
FNF:2
FNH:2
FNDA:2,initEngine
FNDA:4,(anonymous_4)
LF:0
LH:0
BRF:0
BRH:0
end_of_record
TN:
SF:/Users/elizabethkelen/Projects/red-tetris/src/server/index.js
FN:8,initApp
FN:10,handler
FN:12,(anonymous_4)
FN:24,(anonymous_5)
FN:30,create
FN:31,(anonymous_7)
FN:33,(anonymous_8)
FN:35,stop
FN:37,(anonymous_10)
FNF:9
FNH:7
FNDA:2,initApp
FNDA:0,handler
FNDA:0,(anonymous_4)
FNDA:2,(anonymous_5)
FNDA:2,create
FNDA:2,(anonymous_7)
FNDA:2,(anonymous_8)
FNDA:2,stop
FNDA:2,(anonymous_10)
DA:13,0
DA:30,2
LF:2
LH:1
BRDA:11,1,0,0
BRDA:11,1,1,0
BRDA:13,2,0,0
BRDA:13,2,1,0
BRF:4
BRH:0
end_of_record
TN:
SF:/Users/elizabethkelen/Projects/red-tetris/src/server/main.js
FNF:0
FNH:0
LF:0
LH:0
BRF:0
BRH:0
end_of_record
TN:
SF:/Users/elizabethkelen/Projects/red-tetris/src/server/models/game.js
FN:5,GameModel
FN:19,Game
FN:23,(anonymous_15)
FN:30,(anonymous_16)
FN:37,(anonymous_17)
FN:44,(anonymous_18)
FN:50,(anonymous_19)
FN:54,(anonymous_20)
FNF:8
FNH:5
FNDA:2,GameModel
FNDA:2,Game
FNDA:3,(anonymous_15)
FNDA:1,(anonymous_16)
FNDA:0,(anonymous_17)
FNDA:0,(anonymous_18)
FNDA:0,(anonymous_19)
FNDA:3,(anonymous_20)
DA:7,2
DA:19,2
LF:2
LH:2
BRDA:5,1,0,2
BRDA:5,1,1,0
BRDA:5,2,0,2
BRDA:5,2,1,2
BRDA:19,3,0,2
BRDA:19,3,1,0
BRDA:57,4,0,3
BRDA:57,4,1,2
BRF:8
BRH:6
end_of_record
TN:
SF:/Users/elizabethkelen/Projects/red-tetris/src/server/models/piece.js
FN:5,Piece
FNF:1
FNH:0
FNDA:0,Piece
LF:0
LH:0
BRF:0
BRH:0
end_of_record
TN:
SF:/Users/elizabethkelen/Projects/red-tetris/src/server/models/player.js
FN:6,Player
FNF:1
FNH:1
FNDA:3,Player
DA:10,3
LF:1
LH:1
BRDA:6,1,0,3
BRDA:6,1,1,0
BRDA:6,2,0,3
BRDA:6,2,1,3
BRDA:6,3,0,3
BRDA:6,3,1,0
BRDA:6,4,0,3
BRDA:6,4,1,3
BRF:8
BRH:6
end_of_record
